This file contains any messages produced by compilers while
running configure, to aid debugging if configure makes a mistake.

configure:532: checking for mawk
configure:563: checking version of the package
configure:603: checking for c++
configure:635: checking whether the C++ compiler (i586-mingw32msvc-g++  ) works
configure:651: i586-mingw32msvc-g++ -o conftest    conftest.C  1>&5
configure:677: checking whether the C++ compiler (i586-mingw32msvc-g++  ) is a cross-compiler
configure:682: checking whether we are using GNU C++
configure:710: checking whether i586-mingw32msvc-g++ accepts -g
configure:742: checking how to run the C++ preprocessor
configure:760: i586-mingw32msvc-g++ -E  conftest.C >/dev/null 2>conftest.out
configure:815: checking for a BSD compatible install
configure:870: checking for ranlib
configure:908: checking for strip
configure:944: checking for ANSI C header files
configure:1054: checking for getopt.h
configure:1094: checking for unistd.h
configure:1132: checking for sys/socket.h
configure:1194: checking for dlfcn.h
configure:1204: i586-mingw32msvc-g++ -E  conftest.C >/dev/null 2>conftest.out
configure:1200: dlfcn.h: No such file or directory
configure: failed program was:
#line 1199 "configure"
#include "confdefs.h"
#include <dlfcn.h>
configure:1230: checking for dirent.h that defines DIR
configure:1268: checking for opendir in -ldir
configure:1360: checking which header file defines FD_ macros
configure:1400: sys/select.h: No such file or directory
configure:1476: checking for socket in -lsocket
configure:1498: i586-mingw32msvc-g++ -o conftest    conftest.C -lsocket   1>&5
/usr/lib/gcc-lib/i586-mingw32msvc/2.95.2-7/../../../../i586-mingw32msvc/bin/ld: cannot find -lsocket
configure: failed program was:
#line 1484 "configure"
#include "confdefs.h"
/* Override any gcc2 internal prototype to avoid an error.  */
#ifdef __cplusplus
extern "C"
#endif
/* We use char because int might match the return type of a gcc2
    builtin and then its argument prototype would still apply.  */
char socket();

int main() {
socket()
; return 0; }
configure:1526: checking for xdr_short in -lnsl
configure:1548: i586-mingw32msvc-g++ -o conftest    conftest.C -lnsl   1>&5
/usr/lib/gcc-lib/i586-mingw32msvc/2.95.2-7/../../../../i586-mingw32msvc/bin/ld: cannot find -lnsl
configure: failed program was:
#line 1534 "configure"
#include "confdefs.h"
/* Override any gcc2 internal prototype to avoid an error.  */
#ifdef __cplusplus
extern "C"
#endif
/* We use char because int might match the return type of a gcc2
    builtin and then its argument prototype would still apply.  */
char xdr_short();

int main() {
xdr_short()
; return 0; }
configure:1576: checking for dlopen in -ldl
configure:1598: i586-mingw32msvc-g++ -o conftest    conftest.C -ldl   1>&5
/usr/lib/gcc-lib/i586-mingw32msvc/2.95.2-7/../../../../i586-mingw32msvc/bin/ld: cannot find -ldl
configure: failed program was:
#line 1584 "configure"
#include "confdefs.h"
/* Override any gcc2 internal prototype to avoid an error.  */
#ifdef __cplusplus
extern "C"
#endif
/* We use char because int might match the return type of a gcc2
    builtin and then its argument prototype would still apply.  */
char dlopen();

int main() {
dlopen()
; return 0; }
configure:1624: checking for panel_above in -lpanel
configure:1646: i586-mingw32msvc-g++ -o conftest    conftest.C -lpanel -lcurses  1>&5
/usr/lib/gcc-lib/i586-mingw32msvc/2.95.2-7/../../../../i586-mingw32msvc/bin/ld: cannot find -lpanel
configure: failed program was:
#line 1632 "configure"
#include "confdefs.h"
/* Override any gcc2 internal prototype to avoid an error.  */
#ifdef __cplusplus
extern "C"
#endif
/* We use char because int might match the return type of a gcc2
    builtin and then its argument prototype would still apply.  */
char panel_above();

int main() {
panel_above()
; return 0; }
configure:1669: checking for nl in -lcurses
configure:1691: i586-mingw32msvc-g++ -o conftest    conftest.C -lcurses   1>&5
/usr/lib/gcc-lib/i586-mingw32msvc/2.95.2-7/../../../../i586-mingw32msvc/bin/ld: cannot find -lcurses
configure: failed program was:
#line 1677 "configure"
#include "confdefs.h"
/* Override any gcc2 internal prototype to avoid an error.  */
#ifdef __cplusplus
extern "C"
#endif
/* We use char because int might match the return type of a gcc2
    builtin and then its argument prototype would still apply.  */
char nl();

int main() {
nl()
; return 0; }
configure:1722: checking for vprintf
configure:1753: i586-mingw32msvc-g++ -o conftest    conftest.C  1>&5
configure:1835: checking for vsnprintf
configure:1866: i586-mingw32msvc-g++ -o conftest    conftest.C  1>&5
/tmp/cckvqtD4.o(.text+0xc):conftest.C: undefined reference to `vsnprintf'
configure: failed program was:
#line 1840 "configure"
#include "confdefs.h"
/* System header to define __stub macros and hopefully few prototypes,
    which can conflict with char vsnprintf(); below.  */
#include <assert.h>
/* Override any gcc2 internal prototype to avoid an error.  */
#ifdef __cplusplus
extern "C"
#endif
/* We use char because int might match the return type of a gcc2
    builtin and then its argument prototype would still apply.  */
char vsnprintf();

int main() {

/* The GNU C library defines this for functions which it implements
    to always fail with ENOSYS.  Some functions are actually named
    something starting with __ and the normal name is an alias.  */
#if defined (__stub_vsnprintf) || defined (__stub___vsnprintf)
choke me
#else
vsnprintf();
#endif

; return 0; }
configure:1835: checking for vasprintf
configure:1866: i586-mingw32msvc-g++ -o conftest    conftest.C  1>&5
/tmp/ccJVHtk5.o(.text+0xc):conftest.C: undefined reference to `vasprintf'
configure: failed program was:
#line 1840 "configure"
#include "confdefs.h"
/* System header to define __stub macros and hopefully few prototypes,
    which can conflict with char vasprintf(); below.  */
#include <assert.h>
/* Override any gcc2 internal prototype to avoid an error.  */
#ifdef __cplusplus
extern "C"
#endif
/* We use char because int might match the return type of a gcc2
    builtin and then its argument prototype would still apply.  */
char vasprintf();

int main() {

/* The GNU C library defines this for functions which it implements
    to always fail with ENOSYS.  Some functions are actually named
    something starting with __ and the normal name is an alias.  */
#if defined (__stub_vasprintf) || defined (__stub___vasprintf)
choke me
#else
vasprintf();
#endif

; return 0; }
configure:1893: checking for strlen
configure:1893: checking for strcpy
configure:1893: checking for strcat
configure:1893: checking for strstr
configure:1893: checking for strcmp
configure:1893: checking for strerror
configure:1893: checking for strtok
configure:1893: checking for strdup
configure:1951: checking for strchr
configure:1951: checking for memcpy
configure:2009: checking for fgets
configure:2067: checking for yylex
configure:2124: checking whether scanf knows %a
configure:2180: checking whether getcwd is GNUish
configure:2229: checking for type of length pointer parameter of accept
configure:2246: i586-mingw32msvc-g++ -c   -DACCEPT_SOCKLEN_T=int conftest.C 1>&5
configure:2240: sys/socket.h: No such file or directory
configure: failed program was:
#line 2238 "configure"
#include "confdefs.h"
#include <sys/types.h>
#include <sys/socket.h>
int main() {
struct sockaddr a; int len; accept (0, &a, &len);
; return 0; }
configure:2246: i586-mingw32msvc-g++ -c   -DACCEPT_SOCKLEN_T=size_t conftest.C 1>&5
configure:2240: sys/socket.h: No such file or directory
configure: failed program was:
#line 2238 "configure"
#include "confdefs.h"
#include <sys/types.h>
#include <sys/socket.h>
int main() {
struct sockaddr a; size_t len; accept (0, &a, &len);
; return 0; }
configure:2246: i586-mingw32msvc-g++ -c   -DACCEPT_SOCKLEN_T=socklen_t conftest.C 1>&5
configure:2240: sys/socket.h: No such file or directory
configure: failed program was:
#line 2238 "configure"
#include "confdefs.h"
#include <sys/types.h>
#include <sys/socket.h>
int main() {
struct sockaddr a; socklen_t len; accept (0, &a, &len);
; return 0; }
configure:2293: checking whether byte ordering is bigendian
configure:2386: checking whether preprocessor accepts -MM or -M
Reading specs from /usr/lib/gcc-lib/i586-mingw32msvc/2.95.2-7/specs
gcc version 2.95.2-7 19991024 (cygwin experimental)
 /usr/lib/gcc-lib/i586-mingw32msvc/2.95.2-7/cpp -lang-c++ -v -MM -D__GNUC__=2 -D__GNUG__=2 -D__GNUC_MINOR__=95 -D__cplusplus -Di386 -D_WIN32 -DWIN32 -D__WIN32__ -D__MINGW32__=0.2 -D__MSVCRT__ -DWINNT -D_X86_=1 -D__STDC__=1 -D__stdcall=__attribute__((__stdcall__)) -D_stdcall=__attribute__((__stdcall__)) -D__cdecl=__attribute__((__cdecl__)) -D__declspec(x)=__attribute__((x)) -D__i386__ -D_WIN32 -D__WIN32__ -D__WIN32__ -D__MINGW32__=0.2 -D__MSVCRT__ -D__WINNT__ -D_X86_=1 -D__STDC__=1 -D__stdcall=__attribute__((__stdcall__)) -D___stdcall__=__attribute__((__stdcall__)) -D__cdecl=__attribute__((__cdecl__)) -D__declspec(x)=__attribute__((x)) -D__i386 -D__WIN32 -D__WINNT -D___stdcall=__attribute__((__stdcall__)) -Asystem(winnt) -Acpu(i386) -Amachine(i386) -D__EXCEPTIONS -remap -Acpu(i386) -Amachine(i386) -Di386 -D__i386 -D__i386__ -Di586 -Dpentium -D__i586 -D__i586__ -D__pentium -D__pentium__ _test_.c
GNU CPP version 2.95.2-7 19991024 (cygwin experimental) (80386, BSD syntax)
#include "..." search starts here:
#include <...> search starts here:
 /usr/lib/gcc-lib/i586-mingw32msvc/2.95.2-7/../../../../include/g++-3
 /usr/lib/gcc-lib/i586-mingw32msvc/2.95.2-7/include
 /usr/lib/gcc-lib/i586-mingw32msvc/2.95.2-7/../../../../i586-mingw32msvc/include
End of search list.
The following default directories have been omitted from the search path:
 /usr/lib/gcc-lib/i586-mingw32msvc/2.95.2-7/../../../../i586-mingw32msvc/sys-include
End of omitted list.
_test_.o: _test_.c
configure:2409: checking whether i586-mingw32msvc-g++ accepts -ggdb
Reading specs from /usr/lib/gcc-lib/i586-mingw32msvc/2.95.2-7/specs
gcc version 2.95.2-7 19991024 (cygwin experimental)
 /usr/lib/gcc-lib/i586-mingw32msvc/2.95.2-7/cpp -lang-c++ -v -D__GNUC__=2 -D__GNUG__=2 -D__GNUC_MINOR__=95 -D__cplusplus -Di386 -D_WIN32 -DWIN32 -D__WIN32__ -D__MINGW32__=0.2 -D__MSVCRT__ -DWINNT -D_X86_=1 -D__STDC__=1 -D__stdcall=__attribute__((__stdcall__)) -D_stdcall=__attribute__((__stdcall__)) -D__cdecl=__attribute__((__cdecl__)) -D__declspec(x)=__attribute__((x)) -D__i386__ -D_WIN32 -D__WIN32__ -D__WIN32__ -D__MINGW32__=0.2 -D__MSVCRT__ -D__WINNT__ -D_X86_=1 -D__STDC__=1 -D__stdcall=__attribute__((__stdcall__)) -D___stdcall__=__attribute__((__stdcall__)) -D__cdecl=__attribute__((__cdecl__)) -D__declspec(x)=__attribute__((x)) -D__i386 -D__WIN32 -D__WINNT -D___stdcall=__attribute__((__stdcall__)) -Asystem(winnt) -Acpu(i386) -Amachine(i386) -D__EXCEPTIONS -ggdb -remap -Acpu(i386) -Amachine(i386) -Di386 -D__i386 -D__i386__ -Di586 -Dpentium -D__i586 -D__i586__ -D__pentium -D__pentium__ _test_.c /tmp/ccxVSdRq.ii
GNU CPP version 2.95.2-7 19991024 (cygwin experimental) (80386, BSD syntax)
#include "..." search starts here:
#include <...> search starts here:
 /usr/lib/gcc-lib/i586-mingw32msvc/2.95.2-7/../../../../include/g++-3
 /usr/lib/gcc-lib/i586-mingw32msvc/2.95.2-7/include
 /usr/lib/gcc-lib/i586-mingw32msvc/2.95.2-7/../../../../i586-mingw32msvc/include
End of search list.
The following default directories have been omitted from the search path:
 /usr/lib/gcc-lib/i586-mingw32msvc/2.95.2-7/../../../../i586-mingw32msvc/sys-include
End of omitted list.
 /usr/lib/gcc-lib/i586-mingw32msvc/2.95.2-7/cc1plus /tmp/ccxVSdRq.ii -quiet -dumpbase _test_.cc -ggdb -version -o /tmp/cceBBzzI.s
GNU C++ version 2.95.2-7 19991024 (cygwin experimental) (i586-mingw32msvc) compiled by GNU C version 2.95.4 20010319 (Debian prerelease).
 /usr/lib/gcc-lib/i586-mingw32msvc/2.95.2-7/../../../../i586-mingw32msvc/bin/as -o _test_.o /tmp/cceBBzzI.s
configure:2438: checking whether i586-mingw32msvc-g++ accepts -pipe
Reading specs from /usr/lib/gcc-lib/i586-mingw32msvc/2.95.2-7/specs
gcc version 2.95.2-7 19991024 (cygwin experimental)
 /usr/lib/gcc-lib/i586-mingw32msvc/2.95.2-7/cpp -lang-c++ -v -D__GNUC__=2 -D__GNUG__=2 -D__GNUC_MINOR__=95 -D__cplusplus -Di386 -D_WIN32 -DWIN32 -D__WIN32__ -D__MINGW32__=0.2 -D__MSVCRT__ -DWINNT -D_X86_=1 -D__STDC__=1 -D__stdcall=__attribute__((__stdcall__)) -D_stdcall=__attribute__((__stdcall__)) -D__cdecl=__attribute__((__cdecl__)) -D__declspec(x)=__attribute__((x)) -D__i386__ -D_WIN32 -D__WIN32__ -D__WIN32__ -D__MINGW32__=0.2 -D__MSVCRT__ -D__WINNT__ -D_X86_=1 -D__STDC__=1 -D__stdcall=__attribute__((__stdcall__)) -D___stdcall__=__attribute__((__stdcall__)) -D__cdecl=__attribute__((__cdecl__)) -D__declspec(x)=__attribute__((x)) -D__i386 -D__WIN32 -D__WINNT -D___stdcall=__attribute__((__stdcall__)) -Asystem(winnt) -Acpu(i386) -Amachine(i386) -D__EXCEPTIONS -remap -Acpu(i386) -Amachine(i386) -Di386 -D__i386 -D__i386__ -Di586 -Dpentium -D__i586 -D__i586__ -D__pentium -D__pentium__ _test_.c |
 /usr/lib/gcc-lib/i586-mingw32msvc/2.95.2-7/cc1plus -quiet -dumpbase _test_.cc -version -o - |
 /usr/lib/gcc-lib/i586-mingw32msvc/2.95.2-7/../../../../i586-mingw32msvc/bin/as -o _test_.o
GNU CPP version 2.95.2-7 19991024 (cygwin experimental) (80386, BSD syntax)
#include "..." search starts here:
#include <...> search starts here:
 /usr/lib/gcc-lib/i586-mingw32msvc/2.95.2-7/../../../../include/g++-3
 /usr/lib/gcc-lib/i586-mingw32msvc/2.95.2-7/include
 /usr/lib/gcc-lib/i586-mingw32msvc/2.95.2-7/../../../../i586-mingw32msvc/include
End of search list.
The following default directories have been omitted from the search path:
 /usr/lib/gcc-lib/i586-mingw32msvc/2.95.2-7/../../../../i586-mingw32msvc/sys-include
End of omitted list.
GNU C++ version 2.95.2-7 19991024 (cygwin experimental) (i586-mingw32msvc) compiled by GNU C version 2.95.4 20010319 (Debian prerelease).
configure:2465: checking whether i586-mingw32msvc-g++ accepts -fPIC
Reading specs from /usr/lib/gcc-lib/i586-mingw32msvc/2.95.2-7/specs
gcc version 2.95.2-7 19991024 (cygwin experimental)
 /usr/lib/gcc-lib/i586-mingw32msvc/2.95.2-7/cpp -lang-c++ -v -D__GNUC__=2 -D__GNUG__=2 -D__GNUC_MINOR__=95 -D__cplusplus -Di386 -D_WIN32 -DWIN32 -D__WIN32__ -D__MINGW32__=0.2 -D__MSVCRT__ -DWINNT -D_X86_=1 -D__STDC__=1 -D__stdcall=__attribute__((__stdcall__)) -D_stdcall=__attribute__((__stdcall__)) -D__cdecl=__attribute__((__cdecl__)) -D__declspec(x)=__attribute__((x)) -D__i386__ -D_WIN32 -D__WIN32__ -D__WIN32__ -D__MINGW32__=0.2 -D__MSVCRT__ -D__WINNT__ -D_X86_=1 -D__STDC__=1 -D__stdcall=__attribute__((__stdcall__)) -D___stdcall__=__attribute__((__stdcall__)) -D__cdecl=__attribute__((__cdecl__)) -D__declspec(x)=__attribute__((x)) -D__i386 -D__WIN32 -D__WINNT -D___stdcall=__attribute__((__stdcall__)) -Asystem(winnt) -Acpu(i386) -Amachine(i386) -D__EXCEPTIONS -remap -Acpu(i386) -Amachine(i386) -Di386 -D__i386 -D__i386__ -Di586 -Dpentium -D__i586 -D__i586__ -D__pentium -D__pentium__ _test_.c /tmp/ccdSJZWL.ii
GNU CPP version 2.95.2-7 19991024 (cygwin experimental) (80386, BSD syntax)
#include "..." search starts here:
#include <...> search starts here:
 /usr/lib/gcc-lib/i586-mingw32msvc/2.95.2-7/../../../../include/g++-3
 /usr/lib/gcc-lib/i586-mingw32msvc/2.95.2-7/include
 /usr/lib/gcc-lib/i586-mingw32msvc/2.95.2-7/../../../../i586-mingw32msvc/include
End of search list.
The following default directories have been omitted from the search path:
 /usr/lib/gcc-lib/i586-mingw32msvc/2.95.2-7/../../../../i586-mingw32msvc/sys-include
End of omitted list.
 /usr/lib/gcc-lib/i586-mingw32msvc/2.95.2-7/cc1plus /tmp/ccdSJZWL.ii -quiet -dumpbase _test_.cc -version -fPIC -o /tmp/ccsmjMTq.s
cc1plus: warning: -fPIC ignored for target (all code is position independent)
GNU C++ version 2.95.2-7 19991024 (cygwin experimental) (i586-mingw32msvc) compiled by GNU C version 2.95.4 20010319 (Debian prerelease).
 /usr/lib/gcc-lib/i586-mingw32msvc/2.95.2-7/../../../../i586-mingw32msvc/bin/as -o _test_.o /tmp/ccsmjMTq.s
gcc version 2.95.2-7 19991024 (cygwin experimental)
configure:2531: checking return type of signal handlers
configure:2572: checking size of char
configure:2615: checking size of short
configure:2658: checking size of int
configure:2701: checking size of long
configure:2744: checking size of long long
configure:2813: checking type name for byte
configure:2817: checking type name for word
configure:2821: checking type name for dword
